Determining if the pthread_create exist failed with the following output:
Change Dir: /home/hanbin/ros_ws/build/CMakeFiles/CMakeTmp

Run Build Command:"/usr/bin/make" "cmTC_337d6/fast"
/usr/bin/make -f CMakeFiles/cmTC_337d6.dir/build.make CMakeFiles/cmTC_337d6.dir/build
make[1]: Entering directory '/home/hanbin/ros_ws/build/CMakeFiles/CMakeTmp'
Building C object CMakeFiles/cmTC_337d6.dir/CheckSymbolExists.c.o
/usr/bin/cc     -o CMakeFiles/cmTC_337d6.dir/CheckSymbolExists.c.o   -c /home/hanbin/ros_ws/build/CMakeFiles/CMakeTmp/CheckSymbolExists.c
Linking C executable cmTC_337d6
/usr/bin/cmake -E cmake_link_script CMakeFiles/cmTC_337d6.dir/link.txt --verbose=1
/usr/bin/cc       CMakeFiles/cmTC_337d6.dir/CheckSymbolExists.c.o  -o cmTC_337d6 -rdynamic 
CMakeFiles/cmTC_337d6.dir/CheckSymbolExists.c.o: In function `main':
CheckSymbolExists.c:(.text+0x16): undefined reference to `pthread_create'
collect2: error: ld returned 1 exit status
CMakeFiles/cmTC_337d6.dir/build.make:97: recipe for target 'cmTC_337d6' failed
make[1]: *** [cmTC_337d6] Error 1
make[1]: Leaving directory '/home/hanbin/ros_ws/build/CMakeFiles/CMakeTmp'
Makefile:126: recipe for target 'cmTC_337d6/fast' failed
make: *** [cmTC_337d6/fast] Error 2

File /home/hanbin/ros_ws/build/CMakeFiles/CMakeTmp/CheckSymbolExists.c:
/* */
#include <pthread.h>

int main(int argc, char** argv)
{
  (void)argv;
#ifndef pthread_create
  return ((int*)(&pthread_create))[argc];
#else
  (void)argc;
  return 0;
#endif
}

Determining if the function pthread_create exists in the pthreads failed with the following output:
Change Dir: /home/hanbin/ros_ws/build/CMakeFiles/CMakeTmp

Run Build Command:"/usr/bin/make" "cmTC_4a350/fast"
/usr/bin/make -f CMakeFiles/cmTC_4a350.dir/build.make CMakeFiles/cmTC_4a350.dir/build
make[1]: Entering directory '/home/hanbin/ros_ws/build/CMakeFiles/CMakeTmp'
Building C object CMakeFiles/cmTC_4a350.dir/CheckFunctionExists.c.o
/usr/bin/cc    -DCHECK_FUNCTION_EXISTS=pthread_create   -o CMakeFiles/cmTC_4a350.dir/CheckFunctionExists.c.o   -c /usr/share/cmake-3.5/Modules/CheckFunctionExists.c
Linking C executable cmTC_4a350
/usr/bin/cmake -E cmake_link_script CMakeFiles/cmTC_4a350.dir/link.txt --verbose=1
/usr/bin/cc   -DCHECK_FUNCTION_EXISTS=pthread_create    CMakeFiles/cmTC_4a350.dir/CheckFunctionExists.c.o  -o cmTC_4a350 -rdynamic -lpthreads 
/usr/bin/ld: cannot find -lpthreads
collect2: error: ld returned 1 exit status
CMakeFiles/cmTC_4a350.dir/build.make:97: recipe for target 'cmTC_4a350' failed
make[1]: *** [cmTC_4a350] Error 1
make[1]: Leaving directory '/home/hanbin/ros_ws/build/CMakeFiles/CMakeTmp'
Makefile:126: recipe for target 'cmTC_4a350/fast' failed
make: *** [cmTC_4a350/fast] Error 2


Determining if the Q_WS_WIN exist failed with the following output:
Change Dir: /home/hanbin/ros_ws/build/CMakeFiles/CMakeTmp

Run Build Command:"/usr/bin/make" "cmTC_4c182/fast"
/usr/bin/make -f CMakeFiles/cmTC_4c182.dir/build.make CMakeFiles/cmTC_4c182.dir/build
make[1]: Entering directory '/home/hanbin/ros_ws/build/CMakeFiles/CMakeTmp'
Building CXX object CMakeFiles/cmTC_4c182.dir/CheckSymbolExists.cxx.o
/usr/bin/c++    -I/usr/include/qt4   -o CMakeFiles/cmTC_4c182.dir/CheckSymbolExists.cxx.o -c /home/hanbin/ros_ws/build/CMakeFiles/CMakeTmp/CheckSymbolExists.cxx
/home/hanbin/ros_ws/build/CMakeFiles/CMakeTmp/CheckSymbolExists.cxx: In function ‘int main(int, char**)’:
/home/hanbin/ros_ws/build/CMakeFiles/CMakeTmp/CheckSymbolExists.cxx:8:19: error: ‘Q_WS_WIN’ was not declared in this scope
   return ((int*)(&Q_WS_WIN))[argc];
                   ^
CMakeFiles/cmTC_4c182.dir/build.make:65: recipe for target 'CMakeFiles/cmTC_4c182.dir/CheckSymbolExists.cxx.o' failed
make[1]: *** [CMakeFiles/cmTC_4c182.dir/CheckSymbolExists.cxx.o] Error 1
make[1]: Leaving directory '/home/hanbin/ros_ws/build/CMakeFiles/CMakeTmp'
Makefile:126: recipe for target 'cmTC_4c182/fast' failed
make: *** [cmTC_4c182/fast] Error 2

File /home/hanbin/ros_ws/build/CMakeFiles/CMakeTmp/CheckSymbolExists.cxx:
/* */
#include <QtCore/qglobal.h>

int main(int argc, char** argv)
{
  (void)argv;
#ifndef Q_WS_WIN
  return ((int*)(&Q_WS_WIN))[argc];
#else
  (void)argc;
  return 0;
#endif
}

Determining if the Q_WS_QWS exist failed with the following output:
Change Dir: /home/hanbin/ros_ws/build/CMakeFiles/CMakeTmp

Run Build Command:"/usr/bin/make" "cmTC_52aea/fast"
/usr/bin/make -f CMakeFiles/cmTC_52aea.dir/build.make CMakeFiles/cmTC_52aea.dir/build
make[1]: Entering directory '/home/hanbin/ros_ws/build/CMakeFiles/CMakeTmp'
Building CXX object CMakeFiles/cmTC_52aea.dir/CheckSymbolExists.cxx.o
/usr/bin/c++    -I/usr/include/qt4   -o CMakeFiles/cmTC_52aea.dir/CheckSymbolExists.cxx.o -c /home/hanbin/ros_ws/build/CMakeFiles/CMakeTmp/CheckSymbolExists.cxx
/home/hanbin/ros_ws/build/CMakeFiles/CMakeTmp/CheckSymbolExists.cxx: In function ‘int main(int, char**)’:
/home/hanbin/ros_ws/build/CMakeFiles/CMakeTmp/CheckSymbolExists.cxx:8:19: error: ‘Q_WS_QWS’ was not declared in this scope
   return ((int*)(&Q_WS_QWS))[argc];
                   ^
CMakeFiles/cmTC_52aea.dir/build.make:65: recipe for target 'CMakeFiles/cmTC_52aea.dir/CheckSymbolExists.cxx.o' failed
make[1]: *** [CMakeFiles/cmTC_52aea.dir/CheckSymbolExists.cxx.o] Error 1
make[1]: Leaving directory '/home/hanbin/ros_ws/build/CMakeFiles/CMakeTmp'
Makefile:126: recipe for target 'cmTC_52aea/fast' failed
make: *** [cmTC_52aea/fast] Error 2

File /home/hanbin/ros_ws/build/CMakeFiles/CMakeTmp/CheckSymbolExists.cxx:
/* */
#include <QtCore/qglobal.h>

int main(int argc, char** argv)
{
  (void)argv;
#ifndef Q_WS_QWS
  return ((int*)(&Q_WS_QWS))[argc];
#else
  (void)argc;
  return 0;
#endif
}

Determining if the Q_WS_MAC exist failed with the following output:
Change Dir: /home/hanbin/ros_ws/build/CMakeFiles/CMakeTmp

Run Build Command:"/usr/bin/make" "cmTC_d7e50/fast"
/usr/bin/make -f CMakeFiles/cmTC_d7e50.dir/build.make CMakeFiles/cmTC_d7e50.dir/build
make[1]: Entering directory '/home/hanbin/ros_ws/build/CMakeFiles/CMakeTmp'
Building CXX object CMakeFiles/cmTC_d7e50.dir/CheckSymbolExists.cxx.o
/usr/bin/c++    -I/usr/include/qt4   -o CMakeFiles/cmTC_d7e50.dir/CheckSymbolExists.cxx.o -c /home/hanbin/ros_ws/build/CMakeFiles/CMakeTmp/CheckSymbolExists.cxx
/home/hanbin/ros_ws/build/CMakeFiles/CMakeTmp/CheckSymbolExists.cxx: In function ‘int main(int, char**)’:
/home/hanbin/ros_ws/build/CMakeFiles/CMakeTmp/CheckSymbolExists.cxx:8:19: error: ‘Q_WS_MAC’ was not declared in this scope
   return ((int*)(&Q_WS_MAC))[argc];
                   ^
CMakeFiles/cmTC_d7e50.dir/build.make:65: recipe for target 'CMakeFiles/cmTC_d7e50.dir/CheckSymbolExists.cxx.o' failed
make[1]: *** [CMakeFiles/cmTC_d7e50.dir/CheckSymbolExists.cxx.o] Error 1
make[1]: Leaving directory '/home/hanbin/ros_ws/build/CMakeFiles/CMakeTmp'
Makefile:126: recipe for target 'cmTC_d7e50/fast' failed
make: *** [cmTC_d7e50/fast] Error 2

File /home/hanbin/ros_ws/build/CMakeFiles/CMakeTmp/CheckSymbolExists.cxx:
/* */
#include <QtCore/qglobal.h>

int main(int argc, char** argv)
{
  (void)argv;
#ifndef Q_WS_MAC
  return ((int*)(&Q_WS_MAC))[argc];
#else
  (void)argc;
  return 0;
#endif
}

